<?xml version="1.0" encoding="UTF-8"?>
<testng-results ignored="0" total="3" passed="3" failed="0" skipped="0">
  <reporter-output>
  </reporter-output>
  <suite started-at="2025-12-27T20:11:25 IST" name="AmazonGridSuite" finished-at="2025-12-27T20:11:41 IST" duration-ms="16079">
    <groups>
    </groups>
    <test started-at="2025-12-27T20:11:25 IST" name="FirefoxTest" finished-at="2025-12-27T20:11:34 IST" duration-ms="9393">
      <class name="tests.AmazonTest">
        <test-method signature="searchTest(java.lang.String)[pri:0, instance:tests.AmazonTest@1ffaf86]" started-at="2025-12-27T20:11:25 IST" name="searchTest" finished-at="2025-12-27T20:11:34 IST" duration-ms="9358" status="PASS">
          <params>
            <param index="0">
              <value>
                <![CDATA[firefox]]>
              </value>
            </param>
          </params>
          <reporter-output>
          </reporter-output>
        </test-method> <!-- searchTest -->
      </class> <!-- tests.AmazonTest -->
    </test> <!-- FirefoxTest -->
    <test started-at="2025-12-27T20:11:25 IST" name="ChromeTest" finished-at="2025-12-27T20:11:40 IST" duration-ms="15627">
      <class name="tests.AmazonTest">
        <test-method signature="searchTest(java.lang.String)[pri:0, instance:tests.AmazonTest@2805d709]" started-at="2025-12-27T20:11:25 IST" name="searchTest" finished-at="2025-12-27T20:11:40 IST" duration-ms="15597" status="PASS">
          <params>
            <param index="0">
              <value>
                <![CDATA[chrome]]>
              </value>
            </param>
          </params>
          <reporter-output>
          </reporter-output>
        </test-method> <!-- searchTest -->
      </class> <!-- tests.AmazonTest -->
    </test> <!-- ChromeTest -->
    <test started-at="2025-12-27T20:11:25 IST" name="EdgeTest" finished-at="2025-12-27T20:11:41 IST" duration-ms="16079">
      <class name="tests.AmazonTest">
        <test-method signature="searchTest(java.lang.String)[pri:0, instance:tests.AmazonTest@6c1a5b54]" started-at="2025-12-27T20:11:25 IST" name="searchTest" finished-at="2025-12-27T20:11:41 IST" duration-ms="16050" status="PASS">
          <params>
            <param index="0">
              <value>
                <![CDATA[edge]]>
              </value>
            </param>
          </params>
          <reporter-output>
          </reporter-output>
        </test-method> <!-- searchTest -->
      </class> <!-- tests.AmazonTest -->
    </test> <!-- EdgeTest -->
  </suite> <!-- AmazonGridSuite -->
</testng-results>
