<?xml version="1.0" encoding="UTF-8"?>
<!-- Generated by org.testng.reporters.JUnitReportReporter -->
<testsuite hostname="vickym" failures="0" tests="3" name="tests.AmazonTest" time="41.005" errors="0" timestamp="2025-12-27T20:11:41 IST" skipped="0">
  <testcase classname="tests.AmazonTest" name="searchTest" time="16.050"/>
  <testcase classname="tests.AmazonTest" name="searchTest" time="15.597"/>
  <testcase classname="tests.AmazonTest" name="searchTest" time="9.358"/>
</testsuite> <!-- tests.AmazonTest -->
